2025-09-09 12:37:01,125 [INFO] zk_scheduler: zkpull start idx=0 name=Front Door UF200 ip=192.168.1.45 port=4370 wdms=http://cloud.sabreproducts.com:81/iclock (puller=C:\SabreBridge\sabre_bridge\zkteco_legacy_pull.py)
2025-09-09 12:37:01,144 [INFO] zk_scheduler: ZK scheduler started (py32=C:\Users\peter\AppData\Local\Programs\Python\Python313-32\python.exe wdms=http://cloud.sabreproducts.com:81/iclock)
2025-09-09 12:37:03,606 [INFO] zk_scheduler: zkpull[0] Connecting to device 192.168.1.45:4370 ...
2025-09-09 12:37:03,606 [INFO] zk_scheduler: discovered SN for idx=0 -> ZK_192-168-1-45
2025-09-09 12:37:03,606 [INFO] zk_scheduler: zkpull[0] Connected. Device SN: ZK_192-168-1-45
2025-09-09 12:37:03,606 [INFO] zk_scheduler: zkpull[0] Reading logs ...
2025-09-09 12:37:03,607 [INFO] zk_scheduler: zkpull[0] ERROR: File export produced no records.
2025-09-09 12:37:03,607 [INFO] zk_scheduler: zkpull[0] Win32 exception occurred releasing IUnknown at 0x06932DF0
2025-09-09 12:37:03,627 [INFO] zk_scheduler: zkpull done idx=0 rc=3
2025-09-09 12:42:03,738 [INFO] zk_scheduler: zkpull start idx=0 name=Front Door UF200 ip=192.168.1.45 port=4370 wdms=http://cloud.sabreproducts.com:81/iclock (puller=C:\SabreBridge\sabre_bridge\zkteco_legacy_pull.py)
2025-09-09 12:42:05,121 [INFO] zk_scheduler: zkpull[0] Connecting to device 192.168.1.45:4370 ...
2025-09-09 12:42:05,121 [INFO] zk_scheduler: discovered SN for idx=0 -> ZK_192-168-1-45
2025-09-09 12:42:05,121 [INFO] zk_scheduler: zkpull[0] Connected. Device SN: ZK_192-168-1-45
2025-09-09 12:42:05,121 [INFO] zk_scheduler: zkpull[0] Reading logs ...
2025-09-09 12:42:05,121 [INFO] zk_scheduler: zkpull[0] ERROR: File export produced no records.
2025-09-09 12:42:05,121 [INFO] zk_scheduler: zkpull[0] Win32 exception occurred releasing IUnknown at 0x05C32DF0
2025-09-09 12:42:05,138 [INFO] zk_scheduler: zkpull done idx=0 rc=3
2025-09-09 12:42:55,161 [INFO] zk_scheduler: zkpull start idx=0 name=Front Door UF200 ip=192.168.1.45 port=4370 wdms=http://cloud.sabreproducts.com:81/iclock (puller=C:\SabreBridge\sabre_bridge\zkteco_legacy_pull.py)
2025-09-09 12:42:57,237 [INFO] zk_scheduler: zkpull[0] Connecting to device 192.168.1.45:4370 ...
2025-09-09 12:42:57,237 [INFO] zk_scheduler: discovered SN for idx=0 -> ZK_192-168-1-45
2025-09-09 12:42:57,237 [INFO] zk_scheduler: zkpull[0] Connected. Device SN: ZK_192-168-1-45
2025-09-09 12:42:57,237 [INFO] zk_scheduler: zkpull[0] Reading logs ...
2025-09-09 12:42:57,237 [INFO] zk_scheduler: zkpull[0] Strategy: SSR_GetGeneralLogDataEx (tuple) OK: 1
2025-09-09 12:42:57,237 [INFO] zk_scheduler: zkpull[0] Fetched 1 log(s). Deduplicating ...
2025-09-09 12:42:57,237 [INFO] zk_scheduler: zkpull[0] 1 new record(s). Saving file ...
2025-09-09 12:42:57,237 [INFO] zk_scheduler: zkpull[0] Saved: C:\SabreBridge\pulls\ZK_192-168-1-45_20250909_124256.attlog.txt
2025-09-09 12:42:57,237 [INFO] zk_scheduler: zkpull[0] Pushing 1 record(s) to WDMS -> http://cloud.sabreproducts.com:81/iclock ...
2025-09-09 12:42:57,237 [INFO] zk_scheduler: zkpull[0] POST 200 OK
2025-09-09 12:42:57,237 [INFO] zk_scheduler: zkpull[0] Clearing device logs ...
2025-09-09 12:42:57,237 [INFO] zk_scheduler: zkpull[0] ClearGLog: OK
2025-09-09 12:42:57,237 [INFO] zk_scheduler: zkpull[0] Done.
2025-09-09 12:42:57,259 [INFO] zk_scheduler: zkpull done idx=0 rc=0
2025-09-09 13:15:33,088 [INFO] zk_scheduler: ZK scheduler stopped
2025-09-09 13:18:17,794 [INFO] zk_scheduler: ZK scheduler stopped
2025-09-09 13:18:44,650 [INFO] zk_scheduler: ZK scheduler stopped
2025-09-09 13:40:21,170 [INFO] zk_scheduler: ZK scheduler stopped
2025-09-09 13:41:04,055 [INFO] zk_scheduler: ZK scheduler stopped
2025-09-09 13:42:36,078 [INFO] zk_scheduler: zkpull start idx=0 name=Front Door UF200 ip=192.168.1.45 port=4370 wdms=http://cloud.sabreproducts.com:81/iclock (puller=C:\SabreBridge\sabre_bridge\zkteco_legacy_pull.py)
2025-09-09 13:42:36,078 [INFO] zk_scheduler: ZK scheduler started (py32=C:\Users\peter\AppData\Local\Programs\Python\Python313-32\python.exe wdms=http://cloud.sabreproducts.com:81/iclock)
2025-09-09 13:42:38,651 [INFO] zk_scheduler: zkpull[0] Connecting to device 192.168.1.45:4370 ...
2025-09-09 13:42:38,651 [INFO] zk_scheduler: discovered SN for idx=0 -> ZK_192-168-1-45
2025-09-09 13:42:38,651 [INFO] zk_scheduler: zkpull[0] Connected. Device SN: ZK_192-168-1-45
2025-09-09 13:42:38,651 [INFO] zk_scheduler: zkpull[0] Reading logs ...
2025-09-09 13:42:38,651 [INFO] zk_scheduler: zkpull[0] ERROR: File export produced no records.
2025-09-09 13:42:38,655 [INFO] zk_scheduler: zkpull[0] Win32 exception occurred releasing IUnknown at 0x05DD2DF0
2025-09-09 13:42:38,678 [INFO] zk_scheduler: zkpull done idx=0 rc=3
2025-09-09 13:43:18,699 [INFO] zk_scheduler: ZK scheduler stopped
